<?xml version="1.0" encoding="UTF-8"?>
<!-- Generated by org.testng.reporters.JUnitReportReporter -->
<testsuite hostname="UL-AQUESQUEN-1" name="M.Driver.ComponentsMain.CreationTransactionOnlineDriver" tests="2" failures="0" timestamp="27 Nov 2018 14:42:17 GMT" time="51.138" errors="0">
  <testcase name="createTransactionO" time="21.465" classname="M.Driver.ComponentsMain.CreationTransactionOnlineDriver"/>
  <testcase name="createTransactionO" time="29.673" classname="M.Driver.ComponentsMain.CreationTransactionOnlineDriver"/>
</testsuite> <!-- M.Driver.ComponentsMain.CreationTransactionOnlineDriver -->
